<?xml version="1.0" encoding="UTF-8"?>
<testsuite xmlns:xsi="http://www.w3.org/2001/XMLSchema-instance" xsi:noNamespaceSchemaLocation="https://maven.apache.org/surefire/maven-surefire-plugin/xsd/surefire-test-report.xsd" name="com.jyh.反射.ReflectionTest" time="0.007" tests="7" errors="0" skipped="0" failures="0">
  <properties>
[...]
</properties>
  <testcase name="testClassLoader" classname="com.jyh.反射.ReflectionTest" time="0.002"/>
  <testcase name="testClass" classname="com.jyh.反射.ReflectionTest" time="0.001"/>
  <testcase name="testField" classname="com.jyh.反射.ReflectionTest" time="0.001"/>
  <testcase name="a1" classname="com.jyh.反射.ReflectionTest" time="0"/>
  <testcase name="testNewInstance" classname="com.jyh.反射.ReflectionTest" time="0"/>
  <testcase name="testMethod" classname="com.jyh.反射.ReflectionTest" time="0.001"/>
  <testcase name="testConstructor" classname="com.jyh.反射.ReflectionTest" time="0.002"/>
</testsuite>